<?xml version="1.0" encoding="UTF-8"?>
<testsuite xmlns:xsi="http://www.w3.org/2001/XMLSchema-instance" xsi:noNamespaceSchemaLocation="https://maven.apache.org/surefire/maven-surefire-plugin/xsd/surefire-test-report.xsd" name="TestRunner" time="1,738.94" tests="106" errors="1" skipped="0" failures="0">
  <properties>
    <property name="sun.desktop" value="windows"/>
    <property name="awt.toolkit" value="sun.awt.windows.WToolkit"/>
    <property name="file.encoding.pkg" value="sun.io"/>
    <property name="java.specification.version" value="1.8"/>
    <property name="sun.cpu.isalist" value="amd64"/>
    <property name="sun.jnu.encoding" value="Cp1252"/>
    <property name="java.class.path" value="F:\QA Cilsy\Big Project\BigProjectCilsy\target\test-classes;F:\QA Cilsy\Big Project\BigProjectCilsy\target\classes;C:\Users\imadu\.m2\repository\junit\junit\4.13.2\junit-4.13.2.jar;C:\Users\imadu\.m2\repository\org\hamcrest\hamcrest-core\1.3\hamcrest-core-1.3.jar;C:\Users\imadu\.m2\repository\io\cucumber\cucumber-junit\7.6.0\cucumber-junit-7.6.0.jar;C:\Users\imadu\.m2\repository\org\apiguardian\apiguardian-api\1.1.2\apiguardian-api-1.1.2.jar;C:\Users\imadu\.m2\repository\io\cucumber\cucumber-core\7.6.0\cucumber-core-7.6.0.jar;C:\Users\imadu\.m2\repository\io\cucumber\cucumber-gherkin\7.6.0\cucumber-gherkin-7.6.0.jar;C:\Users\imadu\.m2\repository\io\cucumber\cucumber-gherkin-messages\7.6.0\cucumber-gherkin-messages-7.6.0.jar;C:\Users\imadu\.m2\repository\io\cucumber\gherkin\24.0.0\gherkin-24.0.0.jar;C:\Users\imadu\.m2\repository\io\cucumber\messages\19.0.0\messages-19.0.0.jar;C:\Users\imadu\.m2\repository\io\cucumber\tag-expressions\4.1.0\tag-expressions-4.1.0.jar;C:\Users\imadu\.m2\repository\io\cucumber\cucumber-expressions\16.0.0\cucumber-expressions-16.0.0.jar;C:\Users\imadu\.m2\repository\io\cucumber\datatable\7.6.0\datatable-7.6.0.jar;C:\Users\imadu\.m2\repository\io\cucumber\cucumber-plugin\7.6.0\cucumber-plugin-7.6.0.jar;C:\Users\imadu\.m2\repository\io\cucumber\docstring\7.6.0\docstring-7.6.0.jar;C:\Users\imadu\.m2\repository\io\cucumber\html-formatter\20.0.0\html-formatter-20.0.0.jar;C:\Users\imadu\.m2\repository\io\cucumber\ci-environment\9.1.0\ci-environment-9.1.0.jar;C:\Users\imadu\.m2\repository\io\github\bonigarcia\webdrivermanager\5.3.0\webdrivermanager-5.3.0.jar;C:\Users\imadu\.m2\repository\org\slf4j\slf4j-api\1.7.36\slf4j-api-1.7.36.jar;C:\Users\imadu\.m2\repository\com\google\code\gson\gson\2.9.1\gson-2.9.1.jar;C:\Users\imadu\.m2\repository\com\github\docker-java\docker-java\3.2.13\docker-java-3.2.13.jar;C:\Users\imadu\.m2\repository\com\github\docker-java\docker-java-core\3.2.13\docker-java-core-3.2.13.jar;C:\Users\imadu\.m2\repository\com\github\docker-java\docker-java-api\3.2.13\docker-java-api-3.2.13.jar;C:\Users\imadu\.m2\repository\com\fasterxml\jackson\core\jackson-annotations\2.10.3\jackson-annotations-2.10.3.jar;C:\Users\imadu\.m2\repository\commons-io\commons-io\2.6\commons-io-2.6.jar;C:\Users\imadu\.m2\repository\org\apache\commons\commons-compress\1.21\commons-compress-1.21.jar;C:\Users\imadu\.m2\repository\com\fasterxml\jackson\core\jackson-databind\2.10.3\jackson-databind-2.10.3.jar;C:\Users\imadu\.m2\repository\com\fasterxml\jackson\core\jackson-core\2.10.3\jackson-core-2.10.3.jar;C:\Users\imadu\.m2\repository\org\bouncycastle\bcpkix-jdk15on\1.64\bcpkix-jdk15on-1.64.jar;C:\Users\imadu\.m2\repository\org\bouncycastle\bcprov-jdk15on\1.64\bcprov-jdk15on-1.64.jar;C:\Users\imadu\.m2\repository\org\slf4j\jcl-over-slf4j\1.7.30\jcl-over-slf4j-1.7.30.jar;C:\Users\imadu\.m2\repository\com\github\docker-java\docker-java-transport-httpclient5\3.2.13\docker-java-transport-httpclient5-3.2.13.jar;C:\Users\imadu\.m2\repository\com\github\docker-java\docker-java-transport\3.2.13\docker-java-transport-3.2.13.jar;C:\Users\imadu\.m2\repository\net\java\dev\jna\jna\5.8.0\jna-5.8.0.jar;C:\Users\imadu\.m2\repository\org\brotli\dec\0.1.2\dec-0.1.2.jar;C:\Users\imadu\.m2\repository\org\apache\commons\commons-lang3\3.12.0\commons-lang3-3.12.0.jar;C:\Users\imadu\.m2\repository\org\apache\httpcomponents\client5\httpclient5\5.1.3\httpclient5-5.1.3.jar;C:\Users\imadu\.m2\repository\org\apache\httpcomponents\core5\httpcore5\5.1.3\httpcore5-5.1.3.jar;C:\Users\imadu\.m2\repository\org\apache\httpcomponents\core5\httpcore5-h2\5.1.3\httpcore5-h2-5.1.3.jar;C:\Users\imadu\.m2\repository\commons-codec\commons-codec\1.15\commons-codec-1.15.jar;C:\Users\imadu\.m2\repository\io\cucumber\cucumber-java\7.6.0\cucumber-java-7.6.0.jar;C:\Users\imadu\.m2\repository\org\seleniumhq\selenium\selenium-java\4.4.0\selenium-java-4.4.0.jar;C:\Users\imadu\.m2\repository\org\seleniumhq\selenium\selenium-api\4.4.0\selenium-api-4.4.0.jar;C:\Users\imadu\.m2\repository\org\seleniumhq\selenium\selenium-chrome-driver\4.4.0\selenium-chrome-driver-4.4.0.jar;C:\Users\imadu\.m2\repository\com\google\auto\service\auto-service-annotations\1.0.1\auto-service-annotations-1.0.1.jar;C:\Users\imadu\.m2\repository\com\google\auto\service\auto-service\1.0.1\auto-service-1.0.1.jar;C:\Users\imadu\.m2\repository\com\google\auto\auto-common\1.2\auto-common-1.2.jar;C:\Users\imadu\.m2\repository\com\google\guava\guava\31.1-jre\guava-31.1-jre.jar;C:\Users\imadu\.m2\repository\com\google\guava\failureaccess\1.0.1\failureaccess-1.0.1.jar;C:\Users\imadu\.m2\repository\com\google\guava\listenablefuture\9999.0-empty-to-avoid-conflict-with-guava\listenablefuture-9999.0-empty-to-avoid-conflict-with-guava.jar;C:\Users\imadu\.m2\repository\com\google\code\findbugs\jsr305\3.0.2\jsr305-3.0.2.jar;C:\Users\imadu\.m2\repository\org\checkerframework\checker-qual\3.12.0\checker-qual-3.12.0.jar;C:\Users\imadu\.m2\repository\com\google\errorprone\error_prone_annotations\2.11.0\error_prone_annotations-2.11.0.jar;C:\Users\imadu\.m2\repository\com\google\j2objc\j2objc-annotations\1.3\j2objc-annotations-1.3.jar;C:\Users\imadu\.m2\repository\org\seleniumhq\selenium\selenium-chromium-driver\4.4.0\selenium-chromium-driver-4.4.0.jar;C:\Users\imadu\.m2\repository\org\seleniumhq\selenium\selenium-json\4.4.0\selenium-json-4.4.0.jar;C:\Users\imadu\.m2\repository\org\seleniumhq\selenium\selenium-devtools-v102\4.4.0\selenium-devtools-v102-4.4.0.jar;C:\Users\imadu\.m2\repository\org\seleniumhq\selenium\selenium-devtools-v103\4.4.0\selenium-devtools-v103-4.4.0.jar;C:\Users\imadu\.m2\repository\org\seleniumhq\selenium\selenium-devtools-v104\4.4.0\selenium-devtools-v104-4.4.0.jar;C:\Users\imadu\.m2\repository\org\seleniumhq\selenium\selenium-devtools-v85\4.4.0\selenium-devtools-v85-4.4.0.jar;C:\Users\imadu\.m2\repository\org\seleniumhq\selenium\selenium-edge-driver\4.4.0\selenium-edge-driver-4.4.0.jar;C:\Users\imadu\.m2\repository\org\seleniumhq\selenium\selenium-firefox-driver\4.4.0\selenium-firefox-driver-4.4.0.jar;C:\Users\imadu\.m2\repository\org\seleniumhq\selenium\selenium-ie-driver\4.4.0\selenium-ie-driver-4.4.0.jar;C:\Users\imadu\.m2\repository\org\seleniumhq\selenium\selenium-opera-driver\4.4.0\selenium-opera-driver-4.4.0.jar;C:\Users\imadu\.m2\repository\org\seleniumhq\selenium\selenium-remote-driver\4.4.0\selenium-remote-driver-4.4.0.jar;C:\Users\imadu\.m2\repository\com\beust\jcommander\1.82\jcommander-1.82.jar;C:\Users\imadu\.m2\repository\io\netty\netty-buffer\4.1.78.Final\netty-buffer-4.1.78.Final.jar;C:\Users\imadu\.m2\repository\io\netty\netty-codec-http\4.1.78.Final\netty-codec-http-4.1.78.Final.jar;C:\Users\imadu\.m2\repository\io\netty\netty-codec\4.1.78.Final\netty-codec-4.1.78.Final.jar;C:\Users\imadu\.m2\repository\io\netty\netty-handler\4.1.78.Final\netty-handler-4.1.78.Final.jar;C:\Users\imadu\.m2\repository\io\netty\netty-common\4.1.78.Final\netty-common-4.1.78.Final.jar;C:\Users\imadu\.m2\repository\io\netty\netty-transport-classes-epoll\4.1.78.Final\netty-transport-classes-epoll-4.1.78.Final.jar;C:\Users\imadu\.m2\repository\io\netty\netty-transport-classes-kqueue\4.1.78.Final\netty-transport-classes-kqueue-4.1.78.Final.jar;C:\Users\imadu\.m2\repository\io\netty\netty-transport-native-epoll\4.1.78.Final\netty-transport-native-epoll-4.1.78.Final.jar;C:\Users\imadu\.m2\repository\io\netty\netty-transport-native-kqueue\4.1.78.Final\netty-transport-native-kqueue-4.1.78.Final.jar;C:\Users\imadu\.m2\repository\io\netty\netty-transport-native-unix-common\4.1.78.Final\netty-transport-native-unix-common-4.1.78.Final.jar;C:\Users\imadu\.m2\repository\io\netty\netty-transport\4.1.78.Final\netty-transport-4.1.78.Final.jar;C:\Users\imadu\.m2\repository\io\netty\netty-resolver\4.1.78.Final\netty-resolver-4.1.78.Final.jar;C:\Users\imadu\.m2\repository\io\opentelemetry\opentelemetry-api\1.16.0\opentelemetry-api-1.16.0.jar;C:\Users\imadu\.m2\repository\io\opentelemetry\opentelemetry-context\1.16.0\opentelemetry-context-1.16.0.jar;C:\Users\imadu\.m2\repository\io\opentelemetry\opentelemetry-exporter-logging\1.16.0\opentelemetry-exporter-logging-1.16.0.jar;C:\Users\imadu\.m2\repository\io\opentelemetry\opentelemetry-sdk-metrics\1.16.0\opentelemetry-sdk-metrics-1.16.0.jar;C:\Users\imadu\.m2\repository\io\opentelemetry\opentelemetry-sdk-logs\1.16.0-alpha\opentelemetry-sdk-logs-1.16.0-alpha.jar;C:\Users\imadu\.m2\repository\io\opentelemetry\opentelemetry-sdk-common\1.16.0\opentelemetry-sdk-common-1.16.0.jar;C:\Users\imadu\.m2\repository\io\opentelemetry\opentelemetry-sdk-extension-autoconfigure-spi\1.16.0\opentelemetry-sdk-extension-autoconfigure-spi-1.16.0.jar;C:\Users\imadu\.m2\repository\io\opentelemetry\opentelemetry-sdk-extension-autoconfigure\1.16.0-alpha\opentelemetry-sdk-extension-autoconfigure-1.16.0-alpha.jar;C:\Users\imadu\.m2\repository\io\opentelemetry\opentelemetry-sdk-trace\1.16.0\opentelemetry-sdk-trace-1.16.0.jar;C:\Users\imadu\.m2\repository\io\opentelemetry\opentelemetry-sdk\1.16.0\opentelemetry-sdk-1.16.0.jar;C:\Users\imadu\.m2\repository\io\opentelemetry\opentelemetry-semconv\1.16.0-alpha\opentelemetry-semconv-1.16.0-alpha.jar;C:\Users\imadu\.m2\repository\io\ous\jtoml\2.0.0\jtoml-2.0.0.jar;C:\Users\imadu\.m2\repository\net\bytebuddy\byte-buddy\1.12.10\byte-buddy-1.12.10.jar;C:\Users\imadu\.m2\repository\org\apache\commons\commons-exec\1.3\commons-exec-1.3.jar;C:\Users\imadu\.m2\repository\org\asynchttpclient\async-http-client\2.12.3\async-http-client-2.12.3.jar;C:\Users\imadu\.m2\repository\org\asynchttpclient\async-http-client-netty-utils\2.12.3\async-http-client-netty-utils-2.12.3.jar;C:\Users\imadu\.m2\repository\io\netty\netty-codec-socks\4.1.60.Final\netty-codec-socks-4.1.60.Final.jar;C:\Users\imadu\.m2\repository\io\netty\netty-handler-proxy\4.1.60.Final\netty-handler-proxy-4.1.60.Final.jar;C:\Users\imadu\.m2\repository\io\netty\netty-transport-native-epoll\4.1.60.Final\netty-transport-native-epoll-4.1.60.Final-linux-x86_64.jar;C:\Users\imadu\.m2\repository\io\netty\netty-transport-native-kqueue\4.1.60.Final\netty-transport-native-kqueue-4.1.60.Final-osx-x86_64.jar;C:\Users\imadu\.m2\repository\org\reactivestreams\reactive-streams\1.0.3\reactive-streams-1.0.3.jar;C:\Users\imadu\.m2\repository\com\typesafe\netty\netty-reactive-streams\2.0.4\netty-reactive-streams-2.0.4.jar;C:\Users\imadu\.m2\repository\com\sun\activation\jakarta.activation\1.2.2\jakarta.activation-1.2.2.jar;C:\Users\imadu\.m2\repository\org\seleniumhq\selenium\selenium-http\4.4.0\selenium-http-4.4.0.jar;C:\Users\imadu\.m2\repository\dev\failsafe\failsafe\3.2.4\failsafe-3.2.4.jar;C:\Users\imadu\.m2\repository\org\seleniumhq\selenium\selenium-safari-driver\4.4.0\selenium-safari-driver-4.4.0.jar;C:\Users\imadu\.m2\repository\org\seleniumhq\selenium\selenium-support\4.4.0\selenium-support-4.4.0.jar;"/>
    <property name="java.vm.vendor" value="Oracle Corporation"/>
    <property name="sun.arch.data.model" value="64"/>
    <property name="user.variant" value=""/>
    <property name="java.vendor.url" value="http://java.oracle.com/"/>
    <property name="user.timezone" value="Asia/Bangkok"/>
    <property name="java.vm.specification.version" value="1.8"/>
    <property name="os.name" value="Windows 10"/>
    <property name="user.country" value="ID"/>
    <property name="sun.java.launcher" value="SUN_STANDARD"/>
    <property name="sun.boot.library.path" value="C:\Program Files\Java\jdk1.8.0_333\jre\bin"/>
    <property name="sun.java.command" value="C:\Users\imadu\AppData\Local\Temp\surefire5336621923902478507\surefirebooter5506025615575977932.jar C:\Users\imadu\AppData\Local\Temp\surefire5336621923902478507 2022-10-14T14-34-22_281-jvmRun1 surefire1161946937826960727tmp surefire_04752094357554118555tmp"/>
    <property name="surefire.test.class.path" value="F:\QA Cilsy\Big Project\BigProjectCilsy\target\test-classes;F:\QA Cilsy\Big Project\BigProjectCilsy\target\classes;C:\Users\imadu\.m2\repository\junit\junit\4.13.2\junit-4.13.2.jar;C:\Users\imadu\.m2\repository\org\hamcrest\hamcrest-core\1.3\hamcrest-core-1.3.jar;C:\Users\imadu\.m2\repository\io\cucumber\cucumber-junit\7.6.0\cucumber-junit-7.6.0.jar;C:\Users\imadu\.m2\repository\org\apiguardian\apiguardian-api\1.1.2\apiguardian-api-1.1.2.jar;C:\Users\imadu\.m2\repository\io\cucumber\cucumber-core\7.6.0\cucumber-core-7.6.0.jar;C:\Users\imadu\.m2\repository\io\cucumber\cucumber-gherkin\7.6.0\cucumber-gherkin-7.6.0.jar;C:\Users\imadu\.m2\repository\io\cucumber\cucumber-gherkin-messages\7.6.0\cucumber-gherkin-messages-7.6.0.jar;C:\Users\imadu\.m2\repository\io\cucumber\gherkin\24.0.0\gherkin-24.0.0.jar;C:\Users\imadu\.m2\repository\io\cucumber\messages\19.0.0\messages-19.0.0.jar;C:\Users\imadu\.m2\repository\io\cucumber\tag-expressions\4.1.0\tag-expressions-4.1.0.jar;C:\Users\imadu\.m2\repository\io\cucumber\cucumber-expressions\16.0.0\cucumber-expressions-16.0.0.jar;C:\Users\imadu\.m2\repository\io\cucumber\datatable\7.6.0\datatable-7.6.0.jar;C:\Users\imadu\.m2\repository\io\cucumber\cucumber-plugin\7.6.0\cucumber-plugin-7.6.0.jar;C:\Users\imadu\.m2\repository\io\cucumber\docstring\7.6.0\docstring-7.6.0.jar;C:\Users\imadu\.m2\repository\io\cucumber\html-formatter\20.0.0\html-formatter-20.0.0.jar;C:\Users\imadu\.m2\repository\io\cucumber\ci-environment\9.1.0\ci-environment-9.1.0.jar;C:\Users\imadu\.m2\repository\io\github\bonigarcia\webdrivermanager\5.3.0\webdrivermanager-5.3.0.jar;C:\Users\imadu\.m2\repository\org\slf4j\slf4j-api\1.7.36\slf4j-api-1.7.36.jar;C:\Users\imadu\.m2\repository\com\google\code\gson\gson\2.9.1\gson-2.9.1.jar;C:\Users\imadu\.m2\repository\com\github\docker-java\docker-java\3.2.13\docker-java-3.2.13.jar;C:\Users\imadu\.m2\repository\com\github\docker-java\docker-java-core\3.2.13\docker-java-core-3.2.13.jar;C:\Users\imadu\.m2\repository\com\github\docker-java\docker-java-api\3.2.13\docker-java-api-3.2.13.jar;C:\Users\imadu\.m2\repository\com\fasterxml\jackson\core\jackson-annotations\2.10.3\jackson-annotations-2.10.3.jar;C:\Users\imadu\.m2\repository\commons-io\commons-io\2.6\commons-io-2.6.jar;C:\Users\imadu\.m2\repository\org\apache\commons\commons-compress\1.21\commons-compress-1.21.jar;C:\Users\imadu\.m2\repository\com\fasterxml\jackson\core\jackson-databind\2.10.3\jackson-databind-2.10.3.jar;C:\Users\imadu\.m2\repository\com\fasterxml\jackson\core\jackson-core\2.10.3\jackson-core-2.10.3.jar;C:\Users\imadu\.m2\repository\org\bouncycastle\bcpkix-jdk15on\1.64\bcpkix-jdk15on-1.64.jar;C:\Users\imadu\.m2\repository\org\bouncycastle\bcprov-jdk15on\1.64\bcprov-jdk15on-1.64.jar;C:\Users\imadu\.m2\repository\org\slf4j\jcl-over-slf4j\1.7.30\jcl-over-slf4j-1.7.30.jar;C:\Users\imadu\.m2\repository\com\github\docker-java\docker-java-transport-httpclient5\3.2.13\docker-java-transport-httpclient5-3.2.13.jar;C:\Users\imadu\.m2\repository\com\github\docker-java\docker-java-transport\3.2.13\docker-java-transport-3.2.13.jar;C:\Users\imadu\.m2\repository\net\java\dev\jna\jna\5.8.0\jna-5.8.0.jar;C:\Users\imadu\.m2\repository\org\brotli\dec\0.1.2\dec-0.1.2.jar;C:\Users\imadu\.m2\repository\org\apache\commons\commons-lang3\3.12.0\commons-lang3-3.12.0.jar;C:\Users\imadu\.m2\repository\org\apache\httpcomponents\client5\httpclient5\5.1.3\httpclient5-5.1.3.jar;C:\Users\imadu\.m2\repository\org\apache\httpcomponents\core5\httpcore5\5.1.3\httpcore5-5.1.3.jar;C:\Users\imadu\.m2\repository\org\apache\httpcomponents\core5\httpcore5-h2\5.1.3\httpcore5-h2-5.1.3.jar;C:\Users\imadu\.m2\repository\commons-codec\commons-codec\1.15\commons-codec-1.15.jar;C:\Users\imadu\.m2\repository\io\cucumber\cucumber-java\7.6.0\cucumber-java-7.6.0.jar;C:\Users\imadu\.m2\repository\org\seleniumhq\selenium\selenium-java\4.4.0\selenium-java-4.4.0.jar;C:\Users\imadu\.m2\repository\org\seleniumhq\selenium\selenium-api\4.4.0\selenium-api-4.4.0.jar;C:\Users\imadu\.m2\repository\org\seleniumhq\selenium\selenium-chrome-driver\4.4.0\selenium-chrome-driver-4.4.0.jar;C:\Users\imadu\.m2\repository\com\google\auto\service\auto-service-annotations\1.0.1\auto-service-annotations-1.0.1.jar;C:\Users\imadu\.m2\repository\com\google\auto\service\auto-service\1.0.1\auto-service-1.0.1.jar;C:\Users\imadu\.m2\repository\com\google\auto\auto-common\1.2\auto-common-1.2.jar;C:\Users\imadu\.m2\repository\com\google\guava\guava\31.1-jre\guava-31.1-jre.jar;C:\Users\imadu\.m2\repository\com\google\guava\failureaccess\1.0.1\failureaccess-1.0.1.jar;C:\Users\imadu\.m2\repository\com\google\guava\listenablefuture\9999.0-empty-to-avoid-conflict-with-guava\listenablefuture-9999.0-empty-to-avoid-conflict-with-guava.jar;C:\Users\imadu\.m2\repository\com\google\code\findbugs\jsr305\3.0.2\jsr305-3.0.2.jar;C:\Users\imadu\.m2\repository\org\checkerframework\checker-qual\3.12.0\checker-qual-3.12.0.jar;C:\Users\imadu\.m2\repository\com\google\errorprone\error_prone_annotations\2.11.0\error_prone_annotations-2.11.0.jar;C:\Users\imadu\.m2\repository\com\google\j2objc\j2objc-annotations\1.3\j2objc-annotations-1.3.jar;C:\Users\imadu\.m2\repository\org\seleniumhq\selenium\selenium-chromium-driver\4.4.0\selenium-chromium-driver-4.4.0.jar;C:\Users\imadu\.m2\repository\org\seleniumhq\selenium\selenium-json\4.4.0\selenium-json-4.4.0.jar;C:\Users\imadu\.m2\repository\org\seleniumhq\selenium\selenium-devtools-v102\4.4.0\selenium-devtools-v102-4.4.0.jar;C:\Users\imadu\.m2\repository\org\seleniumhq\selenium\selenium-devtools-v103\4.4.0\selenium-devtools-v103-4.4.0.jar;C:\Users\imadu\.m2\repository\org\seleniumhq\selenium\selenium-devtools-v104\4.4.0\selenium-devtools-v104-4.4.0.jar;C:\Users\imadu\.m2\repository\org\seleniumhq\selenium\selenium-devtools-v85\4.4.0\selenium-devtools-v85-4.4.0.jar;C:\Users\imadu\.m2\repository\org\seleniumhq\selenium\selenium-edge-driver\4.4.0\selenium-edge-driver-4.4.0.jar;C:\Users\imadu\.m2\repository\org\seleniumhq\selenium\selenium-firefox-driver\4.4.0\selenium-firefox-driver-4.4.0.jar;C:\Users\imadu\.m2\repository\org\seleniumhq\selenium\selenium-ie-driver\4.4.0\selenium-ie-driver-4.4.0.jar;C:\Users\imadu\.m2\repository\org\seleniumhq\selenium\selenium-opera-driver\4.4.0\selenium-opera-driver-4.4.0.jar;C:\Users\imadu\.m2\repository\org\seleniumhq\selenium\selenium-remote-driver\4.4.0\selenium-remote-driver-4.4.0.jar;C:\Users\imadu\.m2\repository\com\beust\jcommander\1.82\jcommander-1.82.jar;C:\Users\imadu\.m2\repository\io\netty\netty-buffer\4.1.78.Final\netty-buffer-4.1.78.Final.jar;C:\Users\imadu\.m2\repository\io\netty\netty-codec-http\4.1.78.Final\netty-codec-http-4.1.78.Final.jar;C:\Users\imadu\.m2\repository\io\netty\netty-codec\4.1.78.Final\netty-codec-4.1.78.Final.jar;C:\Users\imadu\.m2\repository\io\netty\netty-handler\4.1.78.Final\netty-handler-4.1.78.Final.jar;C:\Users\imadu\.m2\repository\io\netty\netty-common\4.1.78.Final\netty-common-4.1.78.Final.jar;C:\Users\imadu\.m2\repository\io\netty\netty-transport-classes-epoll\4.1.78.Final\netty-transport-classes-epoll-4.1.78.Final.jar;C:\Users\imadu\.m2\repository\io\netty\netty-transport-classes-kqueue\4.1.78.Final\netty-transport-classes-kqueue-4.1.78.Final.jar;C:\Users\imadu\.m2\repository\io\netty\netty-transport-native-epoll\4.1.78.Final\netty-transport-native-epoll-4.1.78.Final.jar;C:\Users\imadu\.m2\repository\io\netty\netty-transport-native-kqueue\4.1.78.Final\netty-transport-native-kqueue-4.1.78.Final.jar;C:\Users\imadu\.m2\repository\io\netty\netty-transport-native-unix-common\4.1.78.Final\netty-transport-native-unix-common-4.1.78.Final.jar;C:\Users\imadu\.m2\repository\io\netty\netty-transport\4.1.78.Final\netty-transport-4.1.78.Final.jar;C:\Users\imadu\.m2\repository\io\netty\netty-resolver\4.1.78.Final\netty-resolver-4.1.78.Final.jar;C:\Users\imadu\.m2\repository\io\opentelemetry\opentelemetry-api\1.16.0\opentelemetry-api-1.16.0.jar;C:\Users\imadu\.m2\repository\io\opentelemetry\opentelemetry-context\1.16.0\opentelemetry-context-1.16.0.jar;C:\Users\imadu\.m2\repository\io\opentelemetry\opentelemetry-exporter-logging\1.16.0\opentelemetry-exporter-logging-1.16.0.jar;C:\Users\imadu\.m2\repository\io\opentelemetry\opentelemetry-sdk-metrics\1.16.0\opentelemetry-sdk-metrics-1.16.0.jar;C:\Users\imadu\.m2\repository\io\opentelemetry\opentelemetry-sdk-logs\1.16.0-alpha\opentelemetry-sdk-logs-1.16.0-alpha.jar;C:\Users\imadu\.m2\repository\io\opentelemetry\opentelemetry-sdk-common\1.16.0\opentelemetry-sdk-common-1.16.0.jar;C:\Users\imadu\.m2\repository\io\opentelemetry\opentelemetry-sdk-extension-autoconfigure-spi\1.16.0\opentelemetry-sdk-extension-autoconfigure-spi-1.16.0.jar;C:\Users\imadu\.m2\repository\io\opentelemetry\opentelemetry-sdk-extension-autoconfigure\1.16.0-alpha\opentelemetry-sdk-extension-autoconfigure-1.16.0-alpha.jar;C:\Users\imadu\.m2\repository\io\opentelemetry\opentelemetry-sdk-trace\1.16.0\opentelemetry-sdk-trace-1.16.0.jar;C:\Users\imadu\.m2\repository\io\opentelemetry\opentelemetry-sdk\1.16.0\opentelemetry-sdk-1.16.0.jar;C:\Users\imadu\.m2\repository\io\opentelemetry\opentelemetry-semconv\1.16.0-alpha\opentelemetry-semconv-1.16.0-alpha.jar;C:\Users\imadu\.m2\repository\io\ous\jtoml\2.0.0\jtoml-2.0.0.jar;C:\Users\imadu\.m2\repository\net\bytebuddy\byte-buddy\1.12.10\byte-buddy-1.12.10.jar;C:\Users\imadu\.m2\repository\org\apache\commons\commons-exec\1.3\commons-exec-1.3.jar;C:\Users\imadu\.m2\repository\org\asynchttpclient\async-http-client\2.12.3\async-http-client-2.12.3.jar;C:\Users\imadu\.m2\repository\org\asynchttpclient\async-http-client-netty-utils\2.12.3\async-http-client-netty-utils-2.12.3.jar;C:\Users\imadu\.m2\repository\io\netty\netty-codec-socks\4.1.60.Final\netty-codec-socks-4.1.60.Final.jar;C:\Users\imadu\.m2\repository\io\netty\netty-handler-proxy\4.1.60.Final\netty-handler-proxy-4.1.60.Final.jar;C:\Users\imadu\.m2\repository\io\netty\netty-transport-native-epoll\4.1.60.Final\netty-transport-native-epoll-4.1.60.Final-linux-x86_64.jar;C:\Users\imadu\.m2\repository\io\netty\netty-transport-native-kqueue\4.1.60.Final\netty-transport-native-kqueue-4.1.60.Final-osx-x86_64.jar;C:\Users\imadu\.m2\repository\org\reactivestreams\reactive-streams\1.0.3\reactive-streams-1.0.3.jar;C:\Users\imadu\.m2\repository\com\typesafe\netty\netty-reactive-streams\2.0.4\netty-reactive-streams-2.0.4.jar;C:\Users\imadu\.m2\repository\com\sun\activation\jakarta.activation\1.2.2\jakarta.activation-1.2.2.jar;C:\Users\imadu\.m2\repository\org\seleniumhq\selenium\selenium-http\4.4.0\selenium-http-4.4.0.jar;C:\Users\imadu\.m2\repository\dev\failsafe\failsafe\3.2.4\failsafe-3.2.4.jar;C:\Users\imadu\.m2\repository\org\seleniumhq\selenium\selenium-safari-driver\4.4.0\selenium-safari-driver-4.4.0.jar;C:\Users\imadu\.m2\repository\org\seleniumhq\selenium\selenium-support\4.4.0\selenium-support-4.4.0.jar;"/>
    <property name="sun.cpu.endian" value="little"/>
    <property name="user.home" value="C:\Users\imadu"/>
    <property name="user.language" value="en"/>
    <property name="java.specification.vendor" value="Oracle Corporation"/>
    <property name="java.home" value="C:\Program Files\Java\jdk1.8.0_333\jre"/>
    <property name="basedir" value="F:\QA Cilsy\Big Project\BigProjectCilsy"/>
    <property name="file.separator" value="\"/>
    <property name="line.separator" value="&#10;"/>
    <property name="java.vm.specification.vendor" value="Oracle Corporation"/>
    <property name="java.specification.name" value="Java Platform API Specification"/>
    <property name="java.awt.graphicsenv" value="sun.awt.Win32GraphicsEnvironment"/>
    <property name="surefire.real.class.path" value="C:\Users\imadu\AppData\Local\Temp\surefire5336621923902478507\surefirebooter5506025615575977932.jar"/>
    <property name="sun.boot.class.path" value="C:\Program Files\Java\jdk1.8.0_333\jre\lib\resources.jar;C:\Program Files\Java\jdk1.8.0_333\jre\lib\rt.jar;C:\Program Files\Java\jdk1.8.0_333\jre\lib\sunrsasign.jar;C:\Program Files\Java\jdk1.8.0_333\jre\lib\jsse.jar;C:\Program Files\Java\jdk1.8.0_333\jre\lib\jce.jar;C:\Program Files\Java\jdk1.8.0_333\jre\lib\charsets.jar;C:\Program Files\Java\jdk1.8.0_333\jre\lib\jfr.jar;C:\Program Files\Java\jdk1.8.0_333\jre\classes"/>
    <property name="user.script" value=""/>
    <property name="sun.management.compiler" value="HotSpot 64-Bit Tiered Compilers"/>
    <property name="java.runtime.version" value="1.8.0_333-b02"/>
    <property name="user.name" value="imadu"/>
    <property name="path.separator" value=";"/>
    <property name="os.version" value="10.0"/>
    <property name="java.endorsed.dirs" value="C:\Program Files\Java\jdk1.8.0_333\jre\lib\endorsed"/>
    <property name="java.runtime.name" value="Java(TM) SE Runtime Environment"/>
    <property name="file.encoding" value="Cp1252"/>
    <property name="java.vm.name" value="Java HotSpot(TM) 64-Bit Server VM"/>
    <property name="localRepository" value="C:\Users\imadu\.m2\repository"/>
    <property name="java.vendor.url.bug" value="http://bugreport.sun.com/bugreport/"/>
    <property name="java.io.tmpdir" value="C:\Users\imadu\AppData\Local\Temp\"/>
    <property name="java.version" value="1.8.0_333"/>
    <property name="user.dir" value="F:\QA Cilsy\Big Project\BigProjectCilsy"/>
    <property name="os.arch" value="amd64"/>
    <property name="java.vm.specification.name" value="Java Virtual Machine Specification"/>
    <property name="java.awt.printerjob" value="sun.awt.windows.WPrinterJob"/>
    <property name="sun.os.patch.level" value=""/>
    <property name="java.library.path" value="C:\Program Files\Java\jdk1.8.0_333\jre\bin;C:\Windows\Sun\Java\bin;C:\Windows\system32;C:\Windows;C:\Program Files (x86)\Common Files\Oracle\Java\javapath;C:\Python27;C:\Python27\Scripts\;C:\Windows\system32;C:\Windows;C:\Windows\System32\Wbem;C:\Windows\System32\WindowsPowerShell\v1.0\;C:\Windows\System32\OpenSSH\;C:\Program Files\Intel\WiFi\bin\;C:\Program Files\Common Files\Intel\WirelessCommon\;C:\Program Files\Git\cmd;C:\Program Files\nodejs\;C:\ProgramData\chocolatey\bin;C:\Users\imadu\AppData\Local\Android\Sdk\platform-tools;C:\Users\imadu\AppData\Local\Android\Sdk;C:\Python27;C:\Python27\Scripts\;C:\Users\imadu\AppData\Local\Microsoft\WindowsApps;C:\Program Files\Intel\WiFi\bin\;C:\Program Files\Common Files\Intel\WirelessCommon\;C:\Program Files\Java\jdk1.8.0_333\bin;C:\Program Files\JetBrains\IntelliJ IDEA Community Edition 2022.1.3\bin;;C:\Program Files\apache-maven-3.8.6-bin\apache-maven-3.8.6\bin;C:\Users\imadu\AppData\Roaming\npm;;."/>
    <property name="java.vm.info" value="mixed mode"/>
    <property name="java.vendor" value="Oracle Corporation"/>
    <property name="java.vm.version" value="25.333-b02"/>
    <property name="java.ext.dirs" value="C:\Program Files\Java\jdk1.8.0_333\jre\lib\ext;C:\Windows\Sun\Java\lib\ext"/>
    <property name="sun.io.unicode.encoding" value="UnicodeLittle"/>
    <property name="java.class.version" value="52.0"/>
  </properties>
  <testcase name="Verify user navigated to blast page when user click Blast card on the team page" classname="Blast" time="22.272"/>
  <testcase name="Verify user navigated to Teams page when user click Teams name breadcrumb on the Blast page" classname="Blast" time="14.523"/>
  <testcase name="Verify user navigated to Home page when user click Home breadcrumb on the Blast page" classname="Blast" time="16.035"/>
  <testcase name="Verify user must see the menu list of the application when user click dropdown button on the Blast page" classname="Blast" time="14.088"/>
  <testcase name="Verify user navigated to Teams page when user click Overview in dropdown menu on the Blast page" classname="Blast" time="14.756"/>
  <testcase name="Verify user navigated to Board page when user click Board in dropdown menu on the Blast page" classname="Blast" time="13.575"/>
  <testcase name="Verify user navigated to Group chat page when user click Group chat in dropdown menu on the Blast page" classname="Blast" time="17"/>
  <testcase name="Verify user navigated to create blast page when user click Create Blast" classname="Blast" time="13.709"/>
  <testcase name="Verify user can cancel to make some blast when user click cancel button on the create blast page" classname="Blast" time="16.612"/>
  <testcase name="Verify user can not make create some blast when user click Publish button with blank tile &amp; content blast" classname="Blast" time="13.711"/>
  <testcase name="Verify user can not make create some blast when user click Publish button with only fills content blast" classname="Blast" time="17.025"/>
  <testcase name="Verify user can create blast with auto complete due date 1 day from now when user fills blast form on the create blast page" classname="Blast" time="17.345"/>
  <testcase name="Verify user can see blast from another user when user check their blast" classname="Blast" time="18.555"/>
  <testcase name="Verify user can create blast with private and autocomplete type when user click create blast on blast page and turn on private in create blast page" classname="Blast" time="17.087"/>
  <testcase name="Verify user can create blast and set due date manually when user create blast and set due date manually with datepicker" classname="Blast" time="17.748"/>
  <testcase name="Verify user can create blast with auto complete due date 3 day from now when user fills blast form on the create blast page" classname="Blast" time="16.382"/>
  <testcase name="Verify user can create blast with auto complete due date 7 day from now when user fills blast form on the create blast page" classname="Blast" time="16.913"/>
  <testcase name="Verify user can make some blast with picture upload file" classname="Blast" time="27.524"/>
  <testcase name="Verify user navigated to blast detail when user click blast container that has been published on the blast page" classname="Blast" time="17.062"/>
  <testcase name="Verify user navigated to blast page when user click Blast! breadcrumb on the blast detail page" classname="Blast" time="19.157"/>
  <testcase name="Verify user navigated to blast edit form when user click edit on the blast detail" classname="Blast" time="18.322"/>
  <testcase name="Verify user can edit autocomplete due date and blast content has been published when user click meatball icon and click edit on the blast detail" classname="Blast" time="20.854"/>
  <testcase name="Verify user can edit manual due date and blast content that has been published when user on the edit form blast page with choose by datepicker" classname="Blast" time="25.024"/>
  <testcase name="Verify user can edit privacy to private blast that has been published when user on the form edit blast page" classname="Blast" time="22.608"/>
  <testcase name="Verify user should be see member organized to notified menu on the form edit blast page" classname="Blast" time="18.247"/>
  <testcase name="Verify user can archive their blast has been published when user click meatball icon and click archive on the blast detail" classname="Blast" time="17.603"/>
  <testcase name="Verify user can cancel to archive their blast has been published when user click meatball icon and click archive on the blast detail" classname="Blast" time="17.997"/>
  <testcase name="Verify user can comment on the blast that has been published when user fills some comment on the blast detail" classname="Blast" time="16.075"/>
  <testcase name="Verify user can cancel comment on the blast that has been published when user make some comment and cancel to post on the blast detail" classname="Blast" time="19.373"/>
  <testcase name="Verify user can edit their comment on the blast that has been published when user choose three dots icon and choose edit" classname="Blast" time="21.179"/>
  <testcase name="Verify user can delete their comment on the blast that has been published when user choose three dots icon and choose delete" classname="Blast" time="18.801"/>
  <testcase name="Verify user can post picture comment on the blast that has been published when user upload some picture file on the blast detail" classname="Blast" time="21.794"/>
  <testcase name="Verify user navigated to reply comment page when user click reply below comment that existing" classname="Blast" time="18.675"/>
  <testcase name="Verify user can reply some comment when user fills comment on the reply comment page" classname="Blast" time="21.43"/>
  <testcase name="Verify user can edit their reply comment when user fills comment on the reply comment page" classname="Blast" time="22.266"/>
  <testcase name="Verify user can delete their reply comment when choose delete on the reply comment page" classname="Blast" time="19.358"/>
  <testcase name="Verify user can reply some comment with picture upload when user fills comment on the reply comment page" classname="Blast" time="22.173"/>
  <testcase name="Verify user navigated to Board page when click Board card on Teams page" classname="Board" time="12.31"/>
  <testcase name="Verify user navigated to Teams page when user click Teams name breadcrumb on Board page" classname="Board" time="12.175"/>
  <testcase name="Verify user navigate to Home page when user click Home breadcrumb on Board page" classname="Board" time="12.038"/>
  <testcase name="Verify user must see the menu list of the application when user select dropdown button on Board page" classname="Board" time="11.979"/>
  <testcase name="Verify user navigate to Teams page when user click Overview in dropdown menu on Board page" classname="Board" time="12.214"/>
  <testcase name="Verify user navigate to Blast page when user click Blast in dropdown menu on Board page" classname="Board" time="14.586"/>
  <testcase name="Verify user navigate to Group chat page when user click Group chat in dropdown menu on Board page" classname="Board" time="16.566"/>
  <testcase name="Verify user must see the menu list of archived items when user click Archived Items button on Board page" classname="Board" time="12.705"/>
  <testcase name="Verify user can close archived items menu when user click on archived items button on Board page" classname="Board" time="12.973"/>
  <testcase name="Verify user can close archived items menu when user click close icon on Archived Items menu" classname="Board" time="11.374"/>
  <testcase name="Verify user navigate to list archived items menu when user click switch to list on Archived Items menu" classname="Board" time="12.081"/>
  <testcase name="Verify user navigate to cards archived items menu when user click switch to cards on Archived Items menu" classname="Board" time="12.421"/>
  <testcase name="Verify user must see the menu list of filter when user click Filter button on Board page" classname="Board" time="10.877"/>
  <testcase name="Verify user should be able to close filter menu when user click close icon on Filter menu" classname="Board" time="14.445"/>
  <testcase name="Verify user should be able to close filter menu when user click on Filter button on Board page" classname="Board" time="14.627"/>
  <testcase name="Verify user navigated to form add list when user click add list on Board page" classname="Board" time="14.041"/>
  <testcase name="Verify user can close the form create list when user click close icon in form add list on Board page" classname="Board" time="14.655"/>
  <testcase name="Verify user can not create new list when user submit blank form in create form list on Board page" classname="Board" time="13.331"/>
  <testcase name="Verify user can add new list when user fills the form for add new list on Board page" classname="Board" time="14.66"/>
  <testcase name="Verify user navigated to list action menu when user click meatball icon on list container" classname="Board" time="11.903"/>
  <testcase name="Verify user should be able to close the list action menu when user click close icon on the list action menu" classname="Board" time="12.921"/>
  <testcase name="Verify user can archived their list container when user click Archive This List on list action" classname="Board" time="17.32"/>
  <testcase name="Verify user can restore their archive list when user choose restore on the archived list menu" classname="Board" time="15.124"/>
  <testcase name="Verify user navigated to form add card when user click add card in list container on Board page" classname="Board" time="12.472"/>
  <testcase name="Verify user can close the form add card when user click close icon in form add card on list container" classname="Board" time="14.567"/>
  <testcase name="Verify user can not add new card on list container when user submit blank form for create card" classname="Board" time="13.44"/>
  <testcase name="Verify user can add new card on list container when user fills form create new card" classname="Board" time="13.062"/>
  <testcase name="Verify user navigate to card detail when user click a card that created before" classname="Board" time="12.601"/>
  <testcase name="Verify user can close card detail when user click close icon on the card detail" classname="Board" time="14.653"/>
  <testcase name="Verify user can add some notes when user click Notes input field in the card details" classname="Board" time="11.276"/>
  <testcase name="Verify user can add some picture file on notes when user on the form detail card" classname="Board" time="19.684"/>
  <testcase name="Verify user can add some comment when user click comment input field in the card details" classname="Board" time="11.974"/>
  <testcase name="Verify user can cancel to add comment when user click close icon beside save button in the comment input field" classname="Board" time="13.718"/>
  <testcase name="Verify user can edit their previously posted comment in the card detail when user click edit after click meatball icon" classname="Board" time="15.424"/>
  <testcase name="Verify user can delete their previously posted comment in the card detail when user click delete after click meatball icon" classname="Board" time="12.935"/>
  <testcase name="Verify user can add some picture file on their comment in the card form detail" classname="Board" time="20.205"/>
  <testcase name="Verify user navigate to reply comment page when user click reply below the existing comment" classname="Board" time="14.64"/>
  <testcase name="Verify user can reply some comment on card when user fills comment on the reply comment page" classname="Board" time="15.715"/>
  <testcase name="Verify user can edit their previously posted comment on the reply page comment when user click edit after click meatball icon" classname="Board" time="17.022"/>
  <testcase name="Verify user can delete their previously posted comment on the reply page comment when user click delete after click meatball icon" classname="Board" time="14.557"/>
  <testcase name="Verify user can add some picture files on reply comment card" classname="Board" time="20.373"/>
  <testcase name="Verify user navigated to Labels popover when user click Labels on the card details" classname="Board" time="11.021"/>
  <testcase name="Verify user can close Labels popover when user click close icon on the Labels popover on the card details" classname="Board" time="13.877"/>
  <testcase name="Verify user can create new labels when user click Labels and click plus icon beside labels text on the card details" classname="Board" time="11.611"/>
  <testcase name="Verify user can choose and apply the label that exist when user click Labels on the card details" classname="Board" time="11.04"/>
  <testcase name="Verify user can remove labeling on card when user click again label that apply on the card detail" classname="Board" time="12.986"/>
  <testcase name="Verify user navigate to change due date popover when user click Due Date on the card detail" classname="Board" time="15.282"/>
  <testcase name="Verify user can close the Change Due Date popover menu on the card detail when user click close icon on that popover" classname="Board" time="13.164"/>
  <testcase name="Verify user can make some due date with they card chose when user click Due Date on the card detail" classname="Board" time="15.905"/>
  <testcase name="Verify user can remove due date that have been apply before in card when user click Due Date on the card detail" classname="Board" time="11.06"/>
  <testcase name="Verify user navigated to move card popover when user click Move button in the card details" classname="Board" time="13.416"/>
  <testcase name="Verify user can close move card popover when user click Move button in the card details and click close icon" classname="Board" time="12.702"/>
  <testcase name="Verify user can move the card when user click Move button and choose which list user want to move in the card details" classname="Board" time="21.105"/>
  <testcase name="Verify user can archive a card when user click Archive button in the card detail" classname="Board" time="15.425"/>
  <testcase name="Verify user can restore a card on the archived card menu" classname="Board" time="15.734"/>
  <testcase name="Verify user navigated to group chat page when user select Group Chat card on the team page" classname="Group Chat" time="13.165"/>
  <testcase name="Verify user can make some chat when user fills input field chat on the group chat page" classname="Group Chat" time="21.435"/>
  <testcase name="Verify user can receive some chat when another user sending some chat" classname="Group Chat" time="28.282"/>
  <testcase name="Verify user can sending link address without space at end of char chat when user fills chatbox on group chat" classname="Group Chat" time="25.595">
    <error message="medium" type="java.net.UnknownHostException">java.net.UnknownHostException: medium
</error>
    <system-out><![CDATA[initial
https://medium/
keluar
]]></system-out>
    <system-err><![CDATA[Starting ChromeDriver 105.0.5195.52 (412c95e518836d8a7d97250d62b29c2ae6a26a85-refs/branch-heads/5195@{#853}) on port 62433
Only local connections are allowed.
Please see https://chromedriver.chromium.org/security-considerations for suggestions on keeping ChromeDriver safe.
ChromeDriver was started successfully.
Oct 14, 2022 2:59:41 PM org.openqa.selenium.remote.ProtocolHandshake createSession
INFO: Detected upstream dialect: W3C
Oct 14, 2022 2:59:41 PM org.openqa.selenium.devtools.CdpVersionFinder findNearestMatch
WARNING: Unable to find an exact match for CDP version 105, so returning the closest version found: 104
Oct 14, 2022 2:59:41 PM org.openqa.selenium.devtools.CdpVersionFinder findNearestMatch
INFO: Found CDP implementation for version 105 of 104
]]></system-err>
  </testcase>
  <testcase name="Verify user can sending link address with space at end of char chat when user fills chatbox on group chat" classname="Group Chat" time="24.416"/>
  <testcase name="Verify user can delete their message that has been sent when user choose menu delete in that chat" classname="Group Chat" time="25.719"/>
  <testcase name="Verify user can attach some picture file when user choose attach file icon" classname="Group Chat" time="17.187"/>
  <testcase name="Verify user can attach some document file when user choose attach file icon" classname="Group Chat" time="22.515"/>
  <testcase name="Verify user navigate to Teams page when user click Teams name breadcrumb on the Group chat page" classname="Group Chat" time="12.911"/>
  <testcase name="Verify user navigate to Home page when user click Home breadcrumb on the Group chat page" classname="Group Chat" time="13.1"/>
  <testcase name="Verify user must see the menu list of the application when user click dropdown button on the Group chat page" classname="Group Chat" time="14.191"/>
  <testcase name="Verify user navigate to Teams page when user click Overview in dropdown menu on the Group chat page" classname="Group Chat" time="12.986"/>
  <testcase name="Verify user navigate to Blast page when user click Blast in dropdown menu on the Group chat page" classname="Group Chat" time="15.542"/>
  <testcase name="Verify user navigate to Board page when user click Board in dropdown menu on the Group chat page" classname="Group Chat" time="15.264"/>
</testsuite>